2016/06/08 9:29:27 にビルドを開始しました。
     1>ノード 2 上のプロジェクト "C:\Users\student\Desktop\GameAwards2016\Solution\Framework\Framework.vcxproj" (Build ターゲット)。
     1>ClCompile:
         C:\Program Files (x86)\Microsoft Visual Studio 12.0\VC\bin\CL.exe /c /I"C:\DxLib_VC\プロジェクトに追加すべきファイル_VC用" /ZI /nologo /W3 /WX- /sdl /Od /Oy- /D WIN32 /D _DEBUG /D _LIB /D _MBCS /Gm /EHsc /RTC1 /MTd /GS /fp:precise /Zc:wchar_t /Zc:forScope /Fo"Debug\\" /Fd"Debug\vc120.pdb" /Gd /TP /analyze- /errorReport:prompt Drawer.cpp Framework.cpp Keyboard.cpp Mouse.cpp Resource.cpp Task.cpp WinMain.cpp
         WinMain.cpp
         Task.cpp
         Resource.cpp
         Mouse.cpp
         Keyboard.cpp
         Framework.cpp
         Drawer.cpp
         コードを生成中...
       Lib:
         C:\Program Files (x86)\Microsoft Visual Studio 12.0\VC\bin\Lib.exe /OUT:"C:\Users\student\Desktop\GameAwards2016\Solution\Debug\Framework.lib" /NOLOGO Debug\Drawer.obj
         Debug\Framework.obj
         Debug\Keyboard.obj
         Debug\Mouse.obj
         Debug\Resource.obj
         Debug\Task.obj
         Debug\WinMain.obj
         Framework.vcxproj -> C:\Users\student\Desktop\GameAwards2016\Solution\Debug\Framework.lib
     1>プロジェクト "C:\Users\student\Desktop\GameAwards2016\Solution\Framework\Framework.vcxproj" (Build ターゲット) のビルドが完了しました。

ビルドに成功しました。

経過時間 00:00:04.69
