c:\users\student\documents\gameawards2016\solution\model\debug\vc120.pdb
c:\users\student\documents\gameawards2016\solution\model\debug\vc120.idb
c:\users\student\documents\gameawards2016\solution\model\debug\goldmines.obj
c:\users\student\documents\gameawards2016\solution\model\debug\guardiansfactories.obj
c:\users\student\documents\gameawards2016\solution\model\debug\line.obj
c:\users\student\documents\gameawards2016\solution\model\debug\map.obj
c:\users\student\documents\gameawards2016\solution\model\debug\material.obj
c:\users\student\documents\gameawards2016\solution\model\debug\mgr.obj
c:\users\student\documents\gameawards2016\solution\model\debug\miner.obj
c:\users\student\documents\gameawards2016\solution\model\debug\miners.obj
c:\users\student\documents\gameawards2016\solution\model\debug\object.obj
c:\users\student\documents\gameawards2016\solution\model\debug\packet.obj
c:\users\student\documents\gameawards2016\solution\model\debug\pioneer.obj
c:\users\student\documents\gameawards2016\solution\model\debug\pioneers.obj
c:\users\student\documents\gameawards2016\solution\model\debug\powerplant.obj
c:\users\student\documents\gameawards2016\solution\model\debug\ratiocoord.obj
c:\users\student\documents\gameawards2016\solution\model\debug\refineries.obj
c:\users\student\documents\gameawards2016\solution\model\debug\refinery.obj
c:\users\student\documents\gameawards2016\solution\model\debug\unitmap.obj
c:\users\student\documents\gameawards2016\solution\model\debug\base.obj
c:\users\student\documents\gameawards2016\solution\model\debug\bases.obj
c:\users\student\documents\gameawards2016\solution\model\debug\bulletin.obj
c:\users\student\documents\gameawards2016\solution\model\debug\bulletins.obj
c:\users\student\documents\gameawards2016\solution\model\debug\character.obj
c:\users\student\documents\gameawards2016\solution\model\debug\charger.obj
c:\users\student\documents\gameawards2016\solution\model\debug\chargers.obj
c:\users\student\documents\gameawards2016\solution\model\debug\facilities.obj
c:\users\student\documents\gameawards2016\solution\model\debug\facility.obj
c:\users\student\documents\gameawards2016\solution\model\debug\forest.obj
c:\users\student\documents\gameawards2016\solution\model\debug\forests.obj
c:\users\student\documents\gameawards2016\solution\model\debug\goldmine.obj
c:\users\student\documents\gameawards2016\solution\model\debug\guardiansfactory.obj
c:\users\student\documents\gameawards2016\solution\model\debug\guardian.obj
c:\users\student\documents\gameawards2016\solution\model\debug\guardians.obj
c:\users\student\documents\gameawards2016\solution\model\debug\enemy.obj
c:\users\student\documents\gameawards2016\solution\model\debug\enemies.obj
c:\users\student\documents\gameawards2016\solution\debug\model.lib
c:\users\student\documents\gameawards2016\solution\model\debug\model.tlog\cl.command.1.tlog
c:\users\student\documents\gameawards2016\solution\model\debug\model.tlog\cl.read.1.tlog
c:\users\student\documents\gameawards2016\solution\model\debug\model.tlog\cl.write.1.tlog
c:\users\student\documents\gameawards2016\solution\model\debug\model.tlog\lib-link.read.1.tlog
c:\users\student\documents\gameawards2016\solution\model\debug\model.tlog\lib-link.write.1.tlog
c:\users\student\documents\gameawards2016\solution\model\debug\model.tlog\lib.command.1.tlog
